#! /usr/bin/vvp
:ivl_version "10.3 (stable)";
:ivl_delay_selection "TYPICAL";
:vpi_time_precision - 9;
:vpi_module "system";
:vpi_module "vhdl_sys";
:vpi_module "v2005_math";
:vpi_module "va_math";
S_0x5593287c9b30 .scope module, "test" "test" 2 3;
 .timescale -9 -9;
v0x5593288105b0_0 .var "addr", 1 0;
v0x559328810690_0 .var "clock", 0 0;
v0x559328810730_0 .var "din", 3 0;
v0x5593288107d0_0 .net "dout", 3 0, v0x5593287deb50_0;  1 drivers
v0x559328810870_0 .var "resetn", 0 0;
v0x559328810910_0 .var "we", 0 0;
E_0x5593287eb700 .event posedge, v0x5593287de020_0;
S_0x5593287f4910 .scope module, "u_regfile" "regfile" 2 17, 3 2 0, S_0x5593287c9b30;
 .timescale 0 0;
    .port_info 0 /INPUT 1 "CLK"
    .port_info 1 /INPUT 1 "RSTn"
    .port_info 2 /INPUT 2 "ADDR"
    .port_info 3 /INPUT 1 "WE"
    .port_info 4 /INPUT 4 "DIN"
    .port_info 5 /OUTPUT 4 "DOUT"
v0x5593288101b0_0 .array/port v0x5593288101b0, 0;
L_0x5593288109e0 .functor BUFZ 4, v0x5593288101b0_0, C4<0000>, C4<0000>, C4<0000>;
v0x5593288101b0_1 .array/port v0x5593288101b0, 1;
L_0x559328810ab0 .functor BUFZ 4, v0x5593288101b0_1, C4<0000>, C4<0000>, C4<0000>;
v0x5593288101b0_2 .array/port v0x5593288101b0, 2;
L_0x559328810b80 .functor BUFZ 4, v0x5593288101b0_2, C4<0000>, C4<0000>, C4<0000>;
v0x5593288101b0_3 .array/port v0x5593288101b0, 3;
L_0x559328810c50 .functor BUFZ 4, v0x5593288101b0_3, C4<0000>, C4<0000>, C4<0000>;
v0x5593287ddf80_0 .net "ADDR", 1 0, v0x5593288105b0_0;  1 drivers
v0x5593287de020_0 .net "CLK", 0 0, v0x559328810690_0;  1 drivers
v0x5593287deab0_0 .net "DIN", 3 0, v0x559328810730_0;  1 drivers
v0x5593287deb50_0 .var "DOUT", 3 0;
v0x5593287df5e0_0 .net "RSTn", 0 0, v0x559328810870_0;  1 drivers
v0x5593287df680_0 .net "WE", 0 0, v0x559328810910_0;  1 drivers
v0x5593288101b0 .array "mem", 3 0, 3 0;
v0x5593288102f0 .array "reg_din", 3 0, 3 0;
v0x5593288103b0 .array "reg_dout", 3 0;
v0x5593288103b0_0 .net v0x5593288103b0 0, 3 0, L_0x5593288109e0; 1 drivers
v0x5593288103b0_1 .net v0x5593288103b0 1, 3 0, L_0x559328810ab0; 1 drivers
v0x5593288103b0_2 .net v0x5593288103b0 2, 3 0, L_0x559328810b80; 1 drivers
v0x5593288103b0_3 .net v0x5593288103b0 3, 3 0, L_0x559328810c50; 1 drivers
E_0x5593287ec370/0 .event negedge, v0x5593287df5e0_0;
E_0x5593287ec370/1 .event posedge, v0x5593287de020_0;
E_0x5593287ec370 .event/or E_0x5593287ec370/0, E_0x5593287ec370/1;
E_0x5593287ecc50/0 .event edge, v0x5593287ddf80_0, v0x5593288103b0_0, v0x5593288103b0_1, v0x5593288103b0_2;
E_0x5593287ecc50/1 .event edge, v0x5593288103b0_3;
E_0x5593287ecc50 .event/or E_0x5593287ecc50/0, E_0x5593287ecc50/1;
E_0x5593287ebf80 .event edge, v0x5593287ddf80_0, v0x5593287deab0_0;
    .scope S_0x5593287f4910;
T_0 ;
    %wait E_0x5593287ebf80;
    %load/vec4 v0x5593287ddf80_0;
    %dup/vec4;
    %pushi/vec4 0, 0, 2;
    %cmp/u;
    %jmp/1 T_0.0, 6;
    %dup/vec4;
    %pushi/vec4 1, 0, 2;
    %cmp/u;
    %jmp/1 T_0.1, 6;
    %dup/vec4;
    %pushi/vec4 2, 0, 2;
    %cmp/u;
    %jmp/1 T_0.2, 6;
    %dup/vec4;
    %pushi/vec4 3, 0, 2;
    %cmp/u;
    %jmp/1 T_0.3, 6;
    %pushi/vec4 0, 0, 4;
    %ix/load 4, 0, 0;
    %flag_set/imm 4, 0;
    %store/vec4a v0x5593288102f0, 4, 0;
    %pushi/vec4 0, 0, 4;
    %ix/load 4, 1, 0;
    %flag_set/imm 4, 0;
    %store/vec4a v0x5593288102f0, 4, 0;
    %pushi/vec4 0, 0, 4;
    %ix/load 4, 2, 0;
    %flag_set/imm 4, 0;
    %store/vec4a v0x5593288102f0, 4, 0;
    %pushi/vec4 0, 0, 4;
    %ix/load 4, 3, 0;
    %flag_set/imm 4, 0;
    %store/vec4a v0x5593288102f0, 4, 0;
    %jmp T_0.5;
T_0.0 ;
    %load/vec4 v0x5593287deab0_0;
    %ix/load 4, 0, 0;
    %flag_set/imm 4, 0;
    %store/vec4a v0x5593288102f0, 4, 0;
    %jmp T_0.5;
T_0.1 ;
    %load/vec4 v0x5593287deab0_0;
    %ix/load 4, 1, 0;
    %flag_set/imm 4, 0;
    %store/vec4a v0x5593288102f0, 4, 0;
    %jmp T_0.5;
T_0.2 ;
    %load/vec4 v0x5593287deab0_0;
    %ix/load 4, 2, 0;
    %flag_set/imm 4, 0;
    %store/vec4a v0x5593288102f0, 4, 0;
    %jmp T_0.5;
T_0.3 ;
    %load/vec4 v0x5593287deab0_0;
    %ix/load 4, 3, 0;
    %flag_set/imm 4, 0;
    %store/vec4a v0x5593288102f0, 4, 0;
    %jmp T_0.5;
T_0.5 ;
    %pop/vec4 1;
    %jmp T_0;
    .thread T_0, $push;
    .scope S_0x5593287f4910;
T_1 ;
    %wait E_0x5593287ecc50;
    %load/vec4 v0x5593287ddf80_0;
    %dup/vec4;
    %pushi/vec4 0, 0, 2;
    %cmp/u;
    %jmp/1 T_1.0, 6;
    %dup/vec4;
    %pushi/vec4 1, 0, 2;
    %cmp/u;
    %jmp/1 T_1.1, 6;
    %dup/vec4;
    %pushi/vec4 2, 0, 2;
    %cmp/u;
    %jmp/1 T_1.2, 6;
    %dup/vec4;
    %pushi/vec4 3, 0, 2;
    %cmp/u;
    %jmp/1 T_1.3, 6;
    %pushi/vec4 0, 0, 4;
    %store/vec4 v0x5593287deb50_0, 0, 4;
    %jmp T_1.5;
T_1.0 ;
    %ix/load 4, 0, 0;
    %flag_set/imm 4, 0;
    %load/vec4a v0x5593288103b0, 4;
    %store/vec4 v0x5593287deb50_0, 0, 4;
    %jmp T_1.5;
T_1.1 ;
    %ix/load 4, 1, 0;
    %flag_set/imm 4, 0;
    %load/vec4a v0x5593288103b0, 4;
    %store/vec4 v0x5593287deb50_0, 0, 4;
    %jmp T_1.5;
T_1.2 ;
    %ix/load 4, 2, 0;
    %flag_set/imm 4, 0;
    %load/vec4a v0x5593288103b0, 4;
    %store/vec4 v0x5593287deb50_0, 0, 4;
    %jmp T_1.5;
T_1.3 ;
    %ix/load 4, 3, 0;
    %flag_set/imm 4, 0;
    %load/vec4a v0x5593288103b0, 4;
    %store/vec4 v0x5593287deb50_0, 0, 4;
    %jmp T_1.5;
T_1.5 ;
    %pop/vec4 1;
    %jmp T_1;
    .thread T_1, $push;
    .scope S_0x5593287f4910;
T_2 ;
    %wait E_0x5593287ec370;
    %load/vec4 v0x5593287df5e0_0;
    %nor/r;
    %flag_set/vec4 8;
    %jmp/0xz  T_2.0, 8;
    %pushi/vec4 0, 0, 4;
    %ix/load 3, 0, 0;
    %flag_set/imm 4, 0;
    %ix/load 4, 0, 0; Constant delay
    %assign/vec4/a/d v0x5593288101b0, 0, 4;
    %jmp T_2.1;
T_2.0 ;
    %load/vec4 v0x5593287df680_0;
    %load/vec4 v0x5593287ddf80_0;
    %pushi/vec4 0, 0, 2;
    %cmp/e;
    %flag_get/vec4 4;
    %and;
    %flag_set/vec4 8;
    %jmp/0xz  T_2.2, 8;
    %ix/load 4, 0, 0;
    %flag_set/imm 4, 0;
    %load/vec4a v0x5593288102f0, 4;
    %ix/load 3, 0, 0;
    %flag_set/imm 4, 0;
    %ix/load 4, 0, 0; Constant delay
    %assign/vec4/a/d v0x5593288101b0, 0, 4;
T_2.2 ;
T_2.1 ;
    %jmp T_2;
    .thread T_2;
    .scope S_0x5593287f4910;
T_3 ;
    %wait E_0x5593287ec370;
    %load/vec4 v0x5593287df5e0_0;
    %nor/r;
    %flag_set/vec4 8;
    %jmp/0xz  T_3.0, 8;
    %pushi/vec4 0, 0, 4;
    %ix/load 3, 1, 0;
    %flag_set/imm 4, 0;
    %ix/load 4, 0, 0; Constant delay
    %assign/vec4/a/d v0x5593288101b0, 0, 4;
    %jmp T_3.1;
T_3.0 ;
    %load/vec4 v0x5593287df680_0;
    %load/vec4 v0x5593287ddf80_0;
    %pushi/vec4 1, 0, 2;
    %cmp/e;
    %flag_get/vec4 4;
    %and;
    %flag_set/vec4 8;
    %jmp/0xz  T_3.2, 8;
    %ix/load 4, 1, 0;
    %flag_set/imm 4, 0;
    %load/vec4a v0x5593288102f0, 4;
    %ix/load 3, 1, 0;
    %flag_set/imm 4, 0;
    %ix/load 4, 0, 0; Constant delay
    %assign/vec4/a/d v0x5593288101b0, 0, 4;
T_3.2 ;
T_3.1 ;
    %jmp T_3;
    .thread T_3;
    .scope S_0x5593287f4910;
T_4 ;
    %wait E_0x5593287ec370;
    %load/vec4 v0x5593287df5e0_0;
    %nor/r;
    %flag_set/vec4 8;
    %jmp/0xz  T_4.0, 8;
    %pushi/vec4 0, 0, 4;
    %ix/load 3, 2, 0;
    %flag_set/imm 4, 0;
    %ix/load 4, 0, 0; Constant delay
    %assign/vec4/a/d v0x5593288101b0, 0, 4;
    %jmp T_4.1;
T_4.0 ;
    %load/vec4 v0x5593287df680_0;
    %load/vec4 v0x5593287ddf80_0;
    %pushi/vec4 2, 0, 2;
    %cmp/e;
    %flag_get/vec4 4;
    %and;
    %flag_set/vec4 8;
    %jmp/0xz  T_4.2, 8;
    %ix/load 4, 2, 0;
    %flag_set/imm 4, 0;
    %load/vec4a v0x5593288102f0, 4;
    %ix/load 3, 2, 0;
    %flag_set/imm 4, 0;
    %ix/load 4, 0, 0; Constant delay
    %assign/vec4/a/d v0x5593288101b0, 0, 4;
T_4.2 ;
T_4.1 ;
    %jmp T_4;
    .thread T_4;
    .scope S_0x5593287f4910;
T_5 ;
    %wait E_0x5593287ec370;
    %load/vec4 v0x5593287df5e0_0;
    %nor/r;
    %flag_set/vec4 8;
    %jmp/0xz  T_5.0, 8;
    %pushi/vec4 0, 0, 4;
    %ix/load 3, 3, 0;
    %flag_set/imm 4, 0;
    %ix/load 4, 0, 0; Constant delay
    %assign/vec4/a/d v0x5593288101b0, 0, 4;
    %jmp T_5.1;
T_5.0 ;
    %load/vec4 v0x5593287df680_0;
    %load/vec4 v0x5593287ddf80_0;
    %pushi/vec4 3, 0, 2;
    %cmp/e;
    %flag_get/vec4 4;
    %and;
    %flag_set/vec4 8;
    %jmp/0xz  T_5.2, 8;
    %ix/load 4, 3, 0;
    %flag_set/imm 4, 0;
    %load/vec4a v0x5593288102f0, 4;
    %ix/load 3, 3, 0;
    %flag_set/imm 4, 0;
    %ix/load 4, 0, 0; Constant delay
    %assign/vec4/a/d v0x5593288101b0, 0, 4;
T_5.2 ;
T_5.1 ;
    %jmp T_5;
    .thread T_5;
    .scope S_0x5593287c9b30;
T_6 ;
    %delay 10, 0;
    %load/vec4 v0x559328810690_0;
    %inv;
    %store/vec4 v0x559328810690_0, 0, 1;
    %jmp T_6;
    .thread T_6;
    .scope S_0x5593287c9b30;
T_7 ;
    %vpi_call 2 30 "$dumpfile", "regfile.vcd" {0 0 0};
    %vpi_call 2 31 "$dumpvars", 32'sb00000000000000000000000000000000, S_0x5593287c9b30 {0 0 0};
    %end;
    .thread T_7;
    .scope S_0x5593287c9b30;
T_8 ;
    %pushi/vec4 0, 0, 1;
    %assign/vec4 v0x559328810690_0, 0;
    %pushi/vec4 0, 0, 1;
    %assign/vec4 v0x559328810870_0, 0;
    %pushi/vec4 0, 0, 1;
    %assign/vec4 v0x559328810910_0, 0;
    %delay 100, 0;
    %pushi/vec4 1, 0, 1;
    %assign/vec4 v0x559328810870_0, 0;
    %wait E_0x5593287eb700;
    %pushi/vec4 0, 0, 2;
    %assign/vec4 v0x5593288105b0_0, 0;
    %pushi/vec4 1, 0, 4;
    %assign/vec4 v0x559328810730_0, 0;
    %pushi/vec4 1, 0, 1;
    %assign/vec4 v0x559328810910_0, 0;
    %wait E_0x5593287eb700;
    %pushi/vec4 1, 0, 2;
    %assign/vec4 v0x5593288105b0_0, 0;
    %pushi/vec4 2, 0, 4;
    %assign/vec4 v0x559328810730_0, 0;
    %wait E_0x5593287eb700;
    %pushi/vec4 2, 0, 2;
    %assign/vec4 v0x5593288105b0_0, 0;
    %pushi/vec4 3, 0, 4;
    %assign/vec4 v0x559328810730_0, 0;
    %wait E_0x5593287eb700;
    %pushi/vec4 0, 0, 1;
    %assign/vec4 v0x559328810910_0, 0;
    %pushi/vec4 0, 0, 2;
    %assign/vec4 v0x5593288105b0_0, 0;
    %wait E_0x5593287eb700;
    %pushi/vec4 1, 0, 2;
    %assign/vec4 v0x5593288105b0_0, 0;
    %wait E_0x5593287eb700;
    %pushi/vec4 2, 0, 2;
    %assign/vec4 v0x5593288105b0_0, 0;
    %delay 100, 0;
    %vpi_call 2 60 "$finish" {0 0 0};
    %end;
    .thread T_8;
# The file index is used to find the file name in the following table.
:file_names 4;
    "N/A";
    "<interactive>";
    "test.v";
    "regfile.v";
