#! /usr/bin/vvp
:ivl_version "10.3 (stable)";
:ivl_delay_selection "TYPICAL";
:vpi_time_precision - 9;
:vpi_module "system";
:vpi_module "vhdl_sys";
:vpi_module "v2005_math";
:vpi_module "va_math";
S_0x561aa21782b0 .scope module, "test" "test" 2 4;
 .timescale -9 -9;
v0x561aa2156410_0 .var "clk", 0 0;
v0x561aa2156600_0 .var "d", 0 0;
v0x561aa2156960_0 .net "q", 0 0, v0x561aa2155ec0_0;  1 drivers
v0x561aa218b3d0_0 .var "resetn", 0 0;
E_0x561aa2142650 .event posedge, v0x561aa21559d0_0;
S_0x561aa2142030 .scope module, "u_dff" "dff" 2 16, 3 1 0, S_0x561aa21782b0;
 .timescale 0 0;
    .port_info 0 /INPUT 1 "clk"
    .port_info 1 /INPUT 1 "resetn"
    .port_info 2 /INPUT 1 "d"
    .port_info 3 /OUTPUT 1 "q"
v0x561aa21559d0_0 .net "clk", 0 0, v0x561aa2156410_0;  1 drivers
v0x561aa2155cf0_0 .net "d", 0 0, v0x561aa2156600_0;  1 drivers
v0x561aa2155ec0_0 .var "q", 0 0;
v0x561aa21560d0_0 .net "resetn", 0 0, v0x561aa218b3d0_0;  1 drivers
E_0x561aa2142a90/0 .event negedge, v0x561aa21560d0_0;
E_0x561aa2142a90/1 .event posedge, v0x561aa21559d0_0;
E_0x561aa2142a90 .event/or E_0x561aa2142a90/0, E_0x561aa2142a90/1;
    .scope S_0x561aa2142030;
T_0 ;
    %wait E_0x561aa2142a90;
    %load/vec4 v0x561aa21560d0_0;
    %nor/r;
    %flag_set/vec4 8;
    %jmp/0xz  T_0.0, 8;
    %pushi/vec4 0, 0, 1;
    %assign/vec4 v0x561aa2155ec0_0, 0;
    %jmp T_0.1;
T_0.0 ;
    %load/vec4 v0x561aa2155cf0_0;
    %assign/vec4 v0x561aa2155ec0_0, 0;
T_0.1 ;
    %jmp T_0;
    .thread T_0;
    .scope S_0x561aa21782b0;
T_1 ;
    %delay 10, 0;
    %load/vec4 v0x561aa2156410_0;
    %inv;
    %store/vec4 v0x561aa2156410_0, 0, 1;
    %jmp T_1;
    .thread T_1;
    .scope S_0x561aa21782b0;
T_2 ;
    %vpi_call 2 25 "$dumpfile", "dff.vcd" {0 0 0};
    %vpi_call 2 26 "$dumpvars", 32'sb00000000000000000000000000000000, S_0x561aa21782b0 {0 0 0};
    %end;
    .thread T_2;
    .scope S_0x561aa21782b0;
T_3 ;
    %pushi/vec4 0, 0, 1;
    %assign/vec4 v0x561aa2156410_0, 0;
    %pushi/vec4 0, 0, 1;
    %assign/vec4 v0x561aa218b3d0_0, 0;
    %pushi/vec4 0, 0, 1;
    %assign/vec4 v0x561aa2156600_0, 0;
    %wait E_0x561aa2142650;
    %wait E_0x561aa2142650;
    %wait E_0x561aa2142650;
    %wait E_0x561aa2142650;
    %pushi/vec4 1, 0, 1;
    %assign/vec4 v0x561aa2156600_0, 0;
    %wait E_0x561aa2142650;
    %pushi/vec4 1, 0, 1;
    %assign/vec4 v0x561aa218b3d0_0, 0;
    %wait E_0x561aa2142650;
    %wait E_0x561aa2142650;
    %wait E_0x561aa2142650;
    %pushi/vec4 0, 0, 1;
    %assign/vec4 v0x561aa2156600_0, 0;
    %wait E_0x561aa2142650;
    %wait E_0x561aa2142650;
    %pushi/vec4 1, 0, 1;
    %assign/vec4 v0x561aa2156600_0, 0;
    %wait E_0x561aa2142650;
    %wait E_0x561aa2142650;
    %vpi_call 2 50 "$finish" {0 0 0};
    %end;
    .thread T_3;
# The file index is used to find the file name in the following table.
:file_names 4;
    "N/A";
    "<interactive>";
    "test.v";
    "dff.v";
