#! /usr/bin/vvp
:ivl_version "10.3 (stable)";
:ivl_delay_selection "TYPICAL";
:vpi_time_precision - 9;
:vpi_module "system";
:vpi_module "vhdl_sys";
:vpi_module "v2005_math";
:vpi_module "va_math";
S_0x563265b4eb70 .scope module, "test" "test" 2 3;
 .timescale -9 -9;
v0x563265b64e40_0 .var "a", 7 0;
v0x563265b64f20_0 .var "clock", 0 0;
v0x563265b64ff0_0 .var "left_right", 0 0;
v0x563265b650f0_0 .var "num", 2 0;
v0x563265b651c0_0 .var "resetn", 0 0;
v0x563265b652b0_0 .net "y", 7 0, v0x563265b64ca0_0;  1 drivers
E_0x563265b4c1c0 .event posedge, v0x563265b64870_0;
S_0x563265b4ecf0 .scope module, "u_shifter" "barrel_shifter" 2 18, 3 1 0, S_0x563265b4eb70;
 .timescale 0 0;
    .port_info 0 /INPUT 1 "clock"
    .port_info 1 /INPUT 1 "resetn"
    .port_info 2 /INPUT 8 "a"
    .port_info 3 /INPUT 3 "num"
    .port_info 4 /INPUT 1 "left_right"
    .port_info 5 /OUTPUT 8 "y"
v0x563265b64770_0 .net "a", 7 0, v0x563265b64e40_0;  1 drivers
v0x563265b64870_0 .net "clock", 0 0, v0x563265b64f20_0;  1 drivers
v0x563265b64930_0 .net "left_right", 0 0, v0x563265b64ff0_0;  1 drivers
v0x563265b649d0_0 .net "num", 2 0, v0x563265b650f0_0;  1 drivers
v0x563265b64ab0_0 .net "resetn", 0 0, v0x563265b651c0_0;  1 drivers
v0x563265b64bc0_0 .var "result", 7 0;
v0x563265b64ca0_0 .var "y", 7 0;
E_0x563265b4c4b0/0 .event negedge, v0x563265b64ab0_0;
E_0x563265b4c4b0/1 .event posedge, v0x563265b64870_0;
E_0x563265b4c4b0 .event/or E_0x563265b4c4b0/0, E_0x563265b4c4b0/1;
S_0x563265b16030 .scope task, "shifter" "shifter" 3 12, 3 12 0, S_0x563265b4ecf0;
 .timescale 0 0;
v0x563265b16200_0 .var *"_s0", 7 0; Local signal
v0x563265b64300_0 .var *"_s1", 7 0; Local signal
v0x563265b643e0_0 .var "a", 7 0;
v0x563265b644a0_0 .var "left_right", 0 0;
v0x563265b64560_0 .var "num", 2 0;
v0x563265b64690_0 .var "y", 7 0;
TD_test.u_shifter.shifter ;
    %load/vec4 v0x563265b644a0_0;
    %pad/u 32;
    %cmpi/e 0, 0, 32;
    %jmp/0xz  T_0.0, 4;
    %load/vec4 v0x563265b643e0_0;
    %ix/getv 4, v0x563265b64560_0;
    %shiftr 4;
    %store/vec4 v0x563265b16200_0, 0, 8;
    %pushi/vec4 1000000000, 0, 64;
    %ix/vec4 4;
    %delayx 4;
    %load/vec4 v0x563265b16200_0;
    %store/vec4 v0x563265b64690_0, 0, 8;
    %jmp T_0.1;
T_0.0 ;
    %load/vec4 v0x563265b643e0_0;
    %ix/getv 4, v0x563265b64560_0;
    %shiftl 4;
    %store/vec4 v0x563265b64300_0, 0, 8;
    %pushi/vec4 1000000000, 0, 64;
    %ix/vec4 4;
    %delayx 4;
    %load/vec4 v0x563265b64300_0;
    %store/vec4 v0x563265b64690_0, 0, 8;
T_0.1 ;
    %end;
    .scope S_0x563265b4ecf0;
T_1 ;
    %wait E_0x563265b4c4b0;
    %load/vec4 v0x563265b64ab0_0;
    %inv;
    %flag_set/vec4 8;
    %jmp/0xz  T_1.0, 8;
    %pushi/vec4 0, 0, 8;
    %assign/vec4 v0x563265b64ca0_0, 0;
    %jmp T_1.1;
T_1.0 ;
    %load/vec4 v0x563265b64770_0;
    %store/vec4 v0x563265b643e0_0, 0, 8;
    %load/vec4 v0x563265b649d0_0;
    %store/vec4 v0x563265b64560_0, 0, 3;
    %load/vec4 v0x563265b64930_0;
    %store/vec4 v0x563265b644a0_0, 0, 1;
    %fork TD_test.u_shifter.shifter, S_0x563265b16030;
    %join;
    %load/vec4 v0x563265b64690_0;
    %store/vec4 v0x563265b64bc0_0, 0, 8;
    %load/vec4 v0x563265b64bc0_0;
    %assign/vec4 v0x563265b64ca0_0, 0;
T_1.1 ;
    %jmp T_1;
    .thread T_1;
    .scope S_0x563265b4eb70;
T_2 ;
    %delay 10, 0;
    %load/vec4 v0x563265b64f20_0;
    %inv;
    %store/vec4 v0x563265b64f20_0, 0, 1;
    %jmp T_2;
    .thread T_2;
    .scope S_0x563265b4eb70;
T_3 ;
    %vpi_call 2 31 "$dumpfile", "shifter.vcd" {0 0 0};
    %vpi_call 2 32 "$dumpvars", 32'sb00000000000000000000000000000000, S_0x563265b4eb70 {0 0 0};
    %end;
    .thread T_3;
    .scope S_0x563265b4eb70;
T_4 ;
    %pushi/vec4 0, 0, 8;
    %assign/vec4 v0x563265b64e40_0, 0;
    %pushi/vec4 0, 0, 3;
    %assign/vec4 v0x563265b650f0_0, 0;
    %pushi/vec4 0, 0, 1;
    %assign/vec4 v0x563265b64ff0_0, 0;
    %pushi/vec4 0, 0, 1;
    %assign/vec4 v0x563265b64f20_0, 0;
    %pushi/vec4 0, 0, 1;
    %assign/vec4 v0x563265b651c0_0, 0;
    %delay 100, 0;
    %pushi/vec4 1, 0, 1;
    %assign/vec4 v0x563265b651c0_0, 0;
    %pushi/vec4 2, 0, 8;
    %assign/vec4 v0x563265b64e40_0, 0;
    %pushi/vec4 1, 0, 3;
    %assign/vec4 v0x563265b650f0_0, 0;
    %wait E_0x563265b4c1c0;
    %pushi/vec4 1, 0, 1;
    %assign/vec4 v0x563265b64ff0_0, 0;
    %pushi/vec4 4, 0, 8;
    %assign/vec4 v0x563265b64e40_0, 0;
    %pushi/vec4 2, 0, 3;
    %assign/vec4 v0x563265b650f0_0, 0;
    %wait E_0x563265b4c1c0;
    %delay 100, 0;
    %vpi_call 2 53 "$finish" {0 0 0};
    %end;
    .thread T_4;
# The file index is used to find the file name in the following table.
:file_names 4;
    "N/A";
    "<interactive>";
    "test.v";
    "barrel_shifter.v";
