#! /usr/bin/vvp
:ivl_version "10.3 (stable)";
:ivl_delay_selection "TYPICAL";
:vpi_time_precision - 9;
:vpi_module "system";
:vpi_module "vhdl_sys";
:vpi_module "v2005_math";
:vpi_module "va_math";
S_0x55caf75b7f60 .scope module, "test_sub" "test_sub" 2 3;
 .timescale -9 -9;
v0x55caf75cebb0_0 .var "a", 7 0;
v0x55caf75cec90_0 .var "b", 7 0;
v0x55caf75ced30_0 .var "clock", 0 0;
v0x55caf75cedd0_0 .var "en", 0 0;
v0x55caf75ceea0_0 .var "resetn", 0 0;
v0x55caf75cef90_0 .net "y", 7 0, v0x55caf75cea10_0;  1 drivers
E_0x55caf7580890 .event posedge, v0x55caf75ce7a0_0;
S_0x55caf7580030 .scope module, "u_sub" "subtractor" 2 15, 3 1 0, S_0x55caf75b7f60;
 .timescale 0 0;
    .port_info 0 /INPUT 1 "clock"
    .port_info 1 /INPUT 1 "resetn"
    .port_info 2 /INPUT 1 "en"
    .port_info 3 /INPUT 8 "a"
    .port_info 4 /INPUT 8 "b"
    .port_info 5 /OUTPUT 8 "y"
v0x55caf75a6090_0 .net "a", 7 0, v0x55caf75cebb0_0;  1 drivers
v0x55caf75ce6c0_0 .net "b", 7 0, v0x55caf75cec90_0;  1 drivers
v0x55caf75ce7a0_0 .net "clock", 0 0, v0x55caf75ced30_0;  1 drivers
v0x55caf75ce840_0 .net "en", 0 0, v0x55caf75cedd0_0;  1 drivers
v0x55caf75ce900_0 .net "resetn", 0 0, v0x55caf75ceea0_0;  1 drivers
v0x55caf75cea10_0 .var "y", 7 0;
E_0x55caf75b6390/0 .event negedge, v0x55caf75ce900_0;
E_0x55caf75b6390/1 .event posedge, v0x55caf75ce7a0_0;
E_0x55caf75b6390 .event/or E_0x55caf75b6390/0, E_0x55caf75b6390/1;
S_0x55caf7580220 .scope function, "sub" "sub" 3 10, 3 10 0, S_0x55caf7580030;
 .timescale 0 0;
v0x55caf7595250_0 .var "a", 7 0;
v0x55caf75a5720_0 .var "b", 7 0;
v0x55caf75a5b30_0 .var "sub", 7 0;
TD_test_sub.u_sub.sub ;
    %load/vec4 v0x55caf7595250_0;
    %load/vec4 v0x55caf75a5720_0;
    %sub;
    %store/vec4 v0x55caf75a5b30_0, 0, 8;
    %end;
    .scope S_0x55caf7580030;
T_1 ;
    %wait E_0x55caf75b6390;
    %load/vec4 v0x55caf75ce900_0;
    %inv;
    %flag_set/vec4 8;
    %jmp/0xz  T_1.0, 8;
    %pushi/vec4 0, 0, 8;
    %assign/vec4 v0x55caf75cea10_0, 0;
    %jmp T_1.1;
T_1.0 ;
    %load/vec4 v0x55caf75ce840_0;
    %flag_set/vec4 8;
    %jmp/0xz  T_1.2, 8;
    %load/vec4 v0x55caf75a6090_0;
    %load/vec4 v0x55caf75ce6c0_0;
    %store/vec4 v0x55caf75a5720_0, 0, 8;
    %store/vec4 v0x55caf7595250_0, 0, 8;
    %fork TD_test_sub.u_sub.sub, S_0x55caf7580220;
    %join;
    %load/vec4  v0x55caf75a5b30_0;
    %assign/vec4 v0x55caf75cea10_0, 0;
T_1.2 ;
T_1.1 ;
    %jmp T_1;
    .thread T_1;
    .scope S_0x55caf75b7f60;
T_2 ;
    %delay 10, 0;
    %load/vec4 v0x55caf75ced30_0;
    %inv;
    %store/vec4 v0x55caf75ced30_0, 0, 1;
    %jmp T_2;
    .thread T_2;
    .scope S_0x55caf75b7f60;
T_3 ;
    %vpi_call 2 26 "$dumpfile", "sub.vcd" {0 0 0};
    %vpi_call 2 27 "$dumpvars", 32'sb00000000000000000000000000000000, S_0x55caf75b7f60 {0 0 0};
    %end;
    .thread T_3;
    .scope S_0x55caf75b7f60;
T_4 ;
    %pushi/vec4 0, 0, 8;
    %assign/vec4 v0x55caf75cebb0_0, 0;
    %pushi/vec4 0, 0, 8;
    %assign/vec4 v0x55caf75cec90_0, 0;
    %pushi/vec4 0, 0, 1;
    %assign/vec4 v0x55caf75cedd0_0, 0;
    %pushi/vec4 0, 0, 1;
    %assign/vec4 v0x55caf75ced30_0, 0;
    %pushi/vec4 0, 0, 1;
    %assign/vec4 v0x55caf75ceea0_0, 0;
    %delay 100, 0;
    %pushi/vec4 1, 0, 1;
    %assign/vec4 v0x55caf75ceea0_0, 0;
    %wait E_0x55caf7580890;
    %pushi/vec4 2, 0, 8;
    %assign/vec4 v0x55caf75cebb0_0, 0;
    %pushi/vec4 3, 0, 8;
    %assign/vec4 v0x55caf75cec90_0, 0;
    %wait E_0x55caf7580890;
    %pushi/vec4 1, 0, 1;
    %assign/vec4 v0x55caf75cedd0_0, 0;
    %pushi/vec4 4, 0, 8;
    %assign/vec4 v0x55caf75cebb0_0, 0;
    %pushi/vec4 5, 0, 8;
    %assign/vec4 v0x55caf75cec90_0, 0;
    %wait E_0x55caf7580890;
    %pushi/vec4 10, 0, 8;
    %assign/vec4 v0x55caf75cebb0_0, 0;
    %pushi/vec4 30, 0, 8;
    %assign/vec4 v0x55caf75cec90_0, 0;
    %wait E_0x55caf7580890;
    %pushi/vec4 33, 0, 8;
    %assign/vec4 v0x55caf75cebb0_0, 0;
    %pushi/vec4 11, 0, 8;
    %assign/vec4 v0x55caf75cec90_0, 0;
    %pushi/vec4 0, 0, 1;
    %assign/vec4 v0x55caf75cedd0_0, 0;
    %wait E_0x55caf7580890;
    %pushi/vec4 100, 0, 8;
    %assign/vec4 v0x55caf75cebb0_0, 0;
    %pushi/vec4 50, 0, 8;
    %assign/vec4 v0x55caf75cec90_0, 0;
    %pushi/vec4 1, 0, 1;
    %assign/vec4 v0x55caf75cedd0_0, 0;
    %wait E_0x55caf7580890;
    %delay 100, 0;
    %vpi_call 2 59 "$finish" {0 0 0};
    %end;
    .thread T_4;
# The file index is used to find the file name in the following table.
:file_names 4;
    "N/A";
    "<interactive>";
    "test.v";
    "subtractor.v";
